# JRE version: OpenJDK Runtime Environment (11.0.15.1+2) (build 11.0.15.1+2-LTS)
# Java VM: OpenJDK 64-Bit Server VM (11.0.15.1+2-LTS, mixed mode, tiered, compressed oops, g1 gc, windows-amd64)
Heap:
 garbage-first heap   total 262144K, used 30416K [0x00000000e0000000, 0x0000000100000000)
  region size 1024K, 15 young (15360K), 6 survivors (6144K)
 Metaspace       used 36783K, capacity 37647K, committed 37788K, reserved 286720K
  class space    used 4762K, capacity 5096K, committed 5196K, reserved 253952K
GC Heap History (10 events):
Event: 0.995 GC heap before
{Heap before GC invocations=0 (full 0):
 garbage-first heap   total 262144K, used 29696K [0x00000000e0000000, 0x0000000100000000)
  region size 1024K, 24 young (24576K), 0 survivors (0K)
 Metaspace       used 10153K, capacity 10400K, committed 10624K, reserved 264192K
  class space    used 1037K, capacity 1105K, committed 1152K, reserved 253952K
}
Event: 1.000 GC heap after
{Heap after GC invocations=1 (full 0):
 garbage-first heap   total 262144K, used 9277K [0x00000000e0000000, 0x0000000100000000)
  region size 1024K, 3 young (3072K), 3 survivors (3072K)
 Metaspace       used 10153K, capacity 10400K, committed 10624K, reserved 264192K
  class space    used 1037K, capacity 1105K, committed 1152K, reserved 253952K
}
Event: 4.150 GC heap before
{Heap before GC invocations=1 (full 0):
 garbage-first heap   total 262144K, used 106557K [0x00000000e0000000, 0x0000000100000000)
  region size 1024K, 99 young (101376K), 3 survivors (3072K)
 Metaspace       used 20746K, capacity 21196K, committed 21296K, reserved 274432K
  class space    used 2520K, capacity 2685K, committed 2688K, reserved 253952K
}
Event: 4.161 GC heap after
{Heap after GC invocations=2 (full 0):
 garbage-first heap   total 262144K, used 17290K [0x00000000e0000000, 0x0000000100000000)
  region size 1024K, 11 young (11264K), 11 survivors (11264K)
 Metaspace       used 20746K, capacity 21196K, committed 21296K, reserved 274432K
  class space    used 2520K, capacity 2685K, committed 2688K, reserved 253952K
}
Event: 4.556 GC heap before
{Heap before GC invocations=3 (full 0):
 garbage-first heap   total 262144K, used 45962K [0x00000000e0000000, 0x0000000100000000)
  region size 1024K, 39 young (39936K), 11 survivors (11264K)
 Metaspace       used 23753K, capacity 24287K, committed 24368K, reserved 276480K
  class space    used 2985K, capacity 3188K, committed 3200K, reserved 253952K
}
Event: 4.566 GC heap after
{Heap after GC invocations=4 (full 0):
 garbage-first heap   total 262144K, used 18182K [0x00000000e0000000, 0x0000000100000000)
  region size 1024K, 2 young (2048K), 2 survivors (2048K)
 Metaspace       used 23753K, capacity 24287K, committed 24368K, reserved 276480K
  class space    used 2985K, capacity 3188K, committed 3200K, reserved 253952K
}
Event: 5.956 GC heap before
{Heap before GC invocations=4 (full 0):
 garbage-first heap   total 262144K, used 105222K [0x00000000e0000000, 0x0000000100000000)
  region size 1024K, 87 young (89088K), 2 survivors (2048K)
 Metaspace       used 32806K, capacity 33664K, committed 33840K, reserved 284672K
  class space    used 4356K, capacity 4639K, committed 4736K, reserved 253952K
}
Event: 5.961 GC heap after
{Heap after GC invocations=5 (full 0):
 garbage-first heap   total 262144K, used 21172K [0x00000000e0000000, 0x0000000100000000)
  region size 1024K, 5 young (5120K), 5 survivors (5120K)
 Metaspace       used 32806K, capacity 33664K, committed 33840K, reserved 284672K
  class space    used 4356K, capacity 4639K, committed 4736K, reserved 253952K
}
Event: 6.141 GC heap before
{Heap before GC invocations=5 (full 0):
 garbage-first heap   total 262144K, used 26292K [0x00000000e0000000, 0x0000000100000000)
  region size 1024K, 11 young (11264K), 5 survivors (5120K)
 Metaspace       used 35024K, capacity 35854K, committed 35920K, reserved 286720K
  class space    used 4517K, capacity 4838K, committed 4864K, reserved 253952K
}
Event: 6.153 GC heap after
{Heap after GC invocations=6 (full 0):
 garbage-first heap   total 262144K, used 22224K [0x00000000e0000000, 0x0000000100000000)
  region size 1024K, 6 young (6144K), 6 survivors (6144K)
 Metaspace       used 35024K, capacity 35854K, committed 35920K, reserved 286720K
  class space    used 4517K, capacity 4838K, committed 4864K, reserved 253952K
}

