# JRE version: OpenJDK Runtime Environment (11.0.15.1+2) (build 11.0.15.1+2-LTS)
# Java VM: OpenJDK 64-Bit Server VM (11.0.15.1+2-LTS, mixed mode, tiered, compressed oops, g1 gc, windows-amd64)
Heap:
 garbage-first heap   total 262144K, used 53838K [0x00000000e0000000, 0x0000000100000000)
  region size 1024K, 16 young (16384K), 9 survivors (9216K)
 Metaspace       used 61201K, capacity 63407K, committed 63568K, reserved 309248K
  class space    used 7797K, capacity 8585K, committed 8652K, reserved 253952K
GC Heap History (18 events):
Event: 1.016 GC heap before
{Heap before GC invocations=0 (full 0):
 garbage-first heap   total 262144K, used 29696K [0x00000000e0000000, 0x0000000100000000)
  region size 1024K, 24 young (24576K), 0 survivors (0K)
 Metaspace       used 10148K, capacity 10400K, committed 10624K, reserved 264192K
  class space    used 1037K, capacity 1105K, committed 1152K, reserved 253952K
}
Event: 1.022 GC heap after
{Heap after GC invocations=1 (full 0):
 garbage-first heap   total 262144K, used 9285K [0x00000000e0000000, 0x0000000100000000)
  region size 1024K, 3 young (3072K), 3 survivors (3072K)
 Metaspace       used 10148K, capacity 10400K, committed 10624K, reserved 264192K
  class space    used 1037K, capacity 1105K, committed 1152K, reserved 253952K
}
Event: 3.941 GC heap before
{Heap before GC invocations=1 (full 0):
 garbage-first heap   total 262144K, used 106565K [0x00000000e0000000, 0x0000000100000000)
  region size 1024K, 99 young (101376K), 3 survivors (3072K)
 Metaspace       used 20743K, capacity 21196K, committed 21296K, reserved 274432K
  class space    used 2518K, capacity 2685K, committed 2688K, reserved 253952K
}
Event: 3.952 GC heap after
{Heap after GC invocations=2 (full 0):
 garbage-first heap   total 262144K, used 16749K [0x00000000e0000000, 0x0000000100000000)
  region size 1024K, 11 young (11264K), 11 survivors (11264K)
 Metaspace       used 20743K, capacity 21196K, committed 21296K, reserved 274432K
  class space    used 2518K, capacity 2685K, committed 2688K, reserved 253952K
}
Event: 4.182 GC heap before
{Heap before GC invocations=3 (full 0):
 garbage-first heap   total 262144K, used 38253K [0x00000000e0000000, 0x0000000100000000)
  region size 1024K, 32 young (32768K), 11 survivors (11264K)
 Metaspace       used 22650K, capacity 23239K, committed 23548K, reserved 274432K
  class space    used 2855K, capacity 3032K, committed 3148K, reserved 253952K
}
Event: 4.189 GC heap after
{Heap after GC invocations=4 (full 0):
 garbage-first heap   total 262144K, used 17623K [0x00000000e0000000, 0x0000000100000000)
  region size 1024K, 2 young (2048K), 2 survivors (2048K)
 Metaspace       used 22650K, capacity 23239K, committed 23548K, reserved 274432K
  class space    used 2855K, capacity 3032K, committed 3148K, reserved 253952K
}
Event: 5.497 GC heap before
{Heap before GC invocations=4 (full 0):
 garbage-first heap   total 262144K, used 114903K [0x00000000e0000000, 0x0000000100000000)
  region size 1024K, 98 young (100352K), 2 survivors (2048K)
 Metaspace       used 35110K, capacity 35950K, committed 36048K, reserved 286720K
  class space    used 4530K, capacity 4870K, committed 4940K, reserved 253952K
}
Event: 5.507 GC heap after
{Heap after GC invocations=5 (full 0):
 garbage-first heap   total 262144K, used 21869K [0x00000000e0000000, 0x0000000100000000)
  region size 1024K, 6 young (6144K), 6 survivors (6144K)
 Metaspace       used 35110K, capacity 35950K, committed 36048K, reserved 286720K
  class space    used 4530K, capacity 4870K, committed 4940K, reserved 253952K
}
Event: 6.776 GC heap before
{Heap before GC invocations=6 (full 0):
 garbage-first heap   total 262144K, used 149869K [0x00000000e0000000, 0x0000000100000000)
  region size 1024K, 128 young (131072K), 6 survivors (6144K)
 Metaspace       used 46259K, capacity 47356K, committed 47696K, reserved 296960K
  class space    used 5854K, capacity 6254K, committed 6348K, reserved 253952K
}
Event: 6.791 GC heap after
{Heap after GC invocations=7 (full 0):
 garbage-first heap   total 262144K, used 29268K [0x00000000e0000000, 0x0000000100000000)
  region size 1024K, 13 young (13312K), 13 survivors (13312K)
 Metaspace       used 46259K, capacity 47356K, committed 47696K, reserved 296960K
  class space    used 5854K, capacity 6254K, committed 6348K, reserved 253952K
}
Event: 8.327 GC heap before
{Heap before GC invocations=8 (full 0):
 garbage-first heap   total 262144K, used 172628K [0x00000000e0000000, 0x0000000100000000)
  region size 1024K, 153 young (156672K), 13 survivors (13312K)
 Metaspace       used 56000K, capacity 57955K, committed 58192K, reserved 305152K
  class space    used 7387K, capacity 8107K, committed 8140K, reserved 253952K
}
Event: 8.339 GC heap after
{Heap after GC invocations=9 (full 0):
 garbage-first heap   total 262144K, used 38637K [0x00000000e0000000, 0x0000000100000000)
  region size 1024K, 17 young (17408K), 17 survivors (17408K)
 Metaspace       used 56000K, capacity 57955K, committed 58192K, reserved 305152K
  class space    used 7387K, capacity 8107K, committed 8140K, reserved 253952K
}
Event: 9.666 GC heap before
{Heap before GC invocations=9 (full 0):
 garbage-first heap   total 262144K, used 177901K [0x00000000e0000000, 0x0000000100000000)
  region size 1024K, 153 young (156672K), 17 survivors (17408K)
 Metaspace       used 58737K, capacity 60759K, committed 61008K, reserved 307200K
  class space    used 7581K, capacity 8323K, committed 8396K, reserved 253952K
}
Event: 9.682 GC heap after
{Heap after GC invocations=10 (full 0):
 garbage-first heap   total 262144K, used 47625K [0x00000000e0000000, 0x0000000100000000)
  region size 1024K, 19 young (19456K), 19 survivors (19456K)
 Metaspace       used 58737K, capacity 60759K, committed 61008K, reserved 307200K
  class space    used 7581K, capacity 8323K, committed 8396K, reserved 253952K
}
Event: 10.556 GC heap before
{Heap before GC invocations=10 (full 0):
 garbage-first heap   total 262144K, used 184841K [0x00000000e0000000, 0x0000000100000000)
  region size 1024K, 153 young (156672K), 19 survivors (19456K)
 Metaspace       used 60009K, capacity 62098K, committed 62416K, reserved 309248K
  class space    used 7703K, capacity 8459K, committed 8524K, reserved 253952K
}
Event: 10.565 GC heap after
{Heap after GC invocations=11 (full 0):
 garbage-first heap   total 262144K, used 47796K [0x00000000e0000000, 0x0000000100000000)
  region size 1024K, 9 young (9216K), 9 survivors (9216K)
 Metaspace       used 60009K, capacity 62098K, committed 62416K, reserved 309248K
  class space    used 7703K, capacity 8459K, committed 8524K, reserved 253952K
}
Event: 3904.075 GC heap before
{Heap before GC invocations=11 (full 0):
 garbage-first heap   total 262144K, used 198324K [0x00000000e0000000, 0x0000000100000000)
  region size 1024K, 153 young (156672K), 9 survivors (9216K)
 Metaspace       used 61194K, capacity 63343K, committed 63568K, reserved 309248K
  class space    used 7797K, capacity 8585K, committed 8652K, reserved 253952K
}
Event: 3904.256 GC heap after
{Heap after GC invocations=12 (full 0):
 garbage-first heap   total 262144K, used 47694K [0x00000000e0000000, 0x0000000100000000)
  region size 1024K, 9 young (9216K), 9 survivors (9216K)
 Metaspace       used 61194K, capacity 63343K, committed 63568K, reserved 309248K
  class space    used 7797K, capacity 8585K, committed 8652K, reserved 253952K
}

